<?xml version="1.0" encoding="UTF-8"?>
<!-- Generated by org.testng.reporters.JUnitReportReporter -->
<testsuite hostname="QT-INBG-LT0520" failures="0" tests="1" name="testCases.MobileSection" time="10.800" errors="0" timestamp="2022-06-02T15:47:41 IST" skipped="0">
  <testcase classname="testCases.MobileSection" name="searchRealmeBrand" time="10.800"/>
  <system-out/>
</testsuite> <!-- testCases.MobileSection -->
