<?xml version="1.0" encoding="UTF-8"?>
<!-- Generated by org.testng.reporters.JUnitReportReporter -->
<testsuite hostname="QT-INBG-LT0520" failures="0" tests="1" name="testCases.MobileSection" time="13.455" errors="0" timestamp="2022-06-02T17:00:55 IST" skipped="0">
  <testcase classname="testCases.MobileSection" name="searchRealmeBrand" time="13.455"/>
  <system-out/>
</testsuite> <!-- testCases.MobileSection -->
